<?xml version="1.0" encoding="UTF-8"?>
<!-- Generated by org.testng.reporters.JUnitXMLReporter -->
<testsuite hostname="sys" ignored="0" name="Test" tests="45" failures="4" timestamp="21 May 2020 18:56:56 GMT" time="6.587" errors="0">
  <testcase name="checkContentEncoding" time="0.008" classname="com.tastcase.Put_EmployeeDetails"/>
  <testcase name="checkContentEncoding" time="0.011" classname="com.tastcase.Getallemployees"/>
  <testcase name="checkContentEncoding" time="0.013" classname="com.tastcase.Get_singleemployeerecord"/>
  <testcase name="checkContenttype" time="0.003" classname="com.tastcase.Getallemployees"/>
  <testcase name="checkContenttype" time="0.01" classname="com.tastcase.Get_singleemployeerecord"/>
  <testcase name="checkContenttype" time="0.007" classname="com.tastcase.Put_EmployeeDetails"/>
  <testcase name="checkResponseBody" time="0.006" classname="com.tastcase.Getallemployees"/>
  <testcase name="checkResponseBody" time="0.005" classname="com.tastcase.Get_singleemployeerecord"/>
  <testcase name="checkResponsetime" time="0.004" classname="com.tastcase.Getallemployees"/>
  <testcase name="checkServertype" time="0.003" classname="com.tastcase.Getallemployees"/>
  <testcase name="checkResponseBody" time="0.021" classname="com.tastcase.Put_EmployeeDetails"/>
  <testcase name="checkResponsetime" time="0.004" classname="com.tastcase.Get_singleemployeerecord"/>
  <testcase name="checkResponsetime" time="0.001" classname="com.tastcase.Put_EmployeeDetails"/>
  <testcase name="checkServertype" time="0.003" classname="com.tastcase.Get_singleemployeerecord"/>
  <testcase name="checkServertype" time="0.002" classname="com.tastcase.Put_EmployeeDetails"/>
  <testcase name="checkStatuscode" time="0.03" classname="com.tastcase.Getallemployees"/>
  <testcase name="checkContentEncoding" time="0.001" classname="com.tastcase.Post_Employee_Record"/>
  <testcase name="checkContenttype" time="0.001" classname="com.tastcase.Post_Employee_Record"/>
  <testcase name="checkResponseBody" time="0.006" classname="com.tastcase.Post_Employee_Record"/>
  <testcase name="checkStatusline" time="0.019" classname="com.tastcase.Getallemployees"/>
  <testcase name="checkResponsetime" time="0.001" classname="com.tastcase.Post_Employee_Record"/>
  <testcase name="checkcookies" time="0.003" classname="com.tastcase.Getallemployees"/>
  <testcase name="checkServertype" time="0.001" classname="com.tastcase.Post_Employee_Record"/>
  <testcase name="checkStatuscode" time="0.008" classname="com.tastcase.Post_Employee_Record">
    <failure type="java.lang.AssertionError" message="expected [200] but found [404]">
      <![CDATA[java.lang.AssertionError: expected [200] but found [404]
at com.tastcase.Post_Employee_Record.checkStatuscode(Post_Employee_Record.java:63)
at java.util.concurrent.ThreadPoolExecutor.runWorker(Unknown Source)
at java.util.concurrent.ThreadPoolExecutor$Worker.run(Unknown Source)
at java.lang.Thread.run(Unknown Source)
... Removed 16 stack frames]]>
    </failure>
  </testcase> <!-- checkStatuscode -->
  <testcase name="checkStatuscode" time="0.021" classname="com.tastcase.Get_singleemployeerecord">
    <failure type="java.lang.AssertionError" message="expected [200] but found [400]">
      <![CDATA[java.lang.AssertionError: expected [200] but found [400]
at com.tastcase.Get_singleemployeerecord.checkStatuscode(Get_singleemployeerecord.java:47)
at java.util.concurrent.ThreadPoolExecutor.runWorker(Unknown Source)
at java.util.concurrent.ThreadPoolExecutor$Worker.run(Unknown Source)
at java.lang.Thread.run(Unknown Source)
... Removed 16 stack frames]]>
    </failure>
  </testcase> <!-- checkStatuscode -->
  <testcase name="checkStatuscode" time="0.046" classname="com.tastcase.Put_EmployeeDetails">
    <failure type="java.lang.AssertionError" message="expected [200] but found [404]">
      <![CDATA[java.lang.AssertionError: expected [200] but found [404]
at com.tastcase.Put_EmployeeDetails.checkStatuscode(Put_EmployeeDetails.java:62)
at java.util.concurrent.ThreadPoolExecutor.runWorker(Unknown Source)
at java.util.concurrent.ThreadPoolExecutor$Worker.run(Unknown Source)
at java.lang.Thread.run(Unknown Source)
... Removed 16 stack frames]]>
    </failure>
  </testcase> <!-- checkStatuscode -->
  <testcase name="checkStatusline" time="0.001" classname="com.tastcase.Post_Employee_Record"/>
  <testcase name="checkcookies" time="0.001" classname="com.tastcase.Post_Employee_Record"/>
  <testcase name="getallheaders" time="0.022" classname="com.tastcase.Getallemployees"/>
  <testcase name="getallheaders" time="0.002" classname="com.tastcase.Post_Employee_Record"/>
  <testcase name="checkStatusline" time="0.008" classname="com.tastcase.Put_EmployeeDetails"/>
  <testcase name="checkStatusline" time="0.001" classname="com.tastcase.Get_singleemployeerecord"/>
  <testcase name="checkcookies" time="0.001" classname="com.tastcase.Get_singleemployeerecord"/>
  <testcase name="getallheaders" time="0.007" classname="com.tastcase.Get_singleemployeerecord"/>
  <testcase name="checkcookies" time="0.001" classname="com.tastcase.Put_EmployeeDetails"/>
  <testcase name="getallheaders" time="0.005" classname="com.tastcase.Put_EmployeeDetails"/>
  <testcase name="checkContentEncoding" time="0.001" classname="com.tastcase.Delet_Employee_Record"/>
  <testcase name="checkContenttype" time="0.001" classname="com.tastcase.Delet_Employee_Record"/>
  <testcase name="checkResponseBody" time="0.002" classname="com.tastcase.Delet_Employee_Record"/>
  <testcase name="checkResponsetime" time="0.0" classname="com.tastcase.Delet_Employee_Record"/>
  <testcase name="checkServertype" time="0.001" classname="com.tastcase.Delet_Employee_Record"/>
  <testcase name="checkStatuscode" time="0.001" classname="com.tastcase.Delet_Employee_Record">
    <failure type="java.lang.AssertionError" message="expected [200] but found [405]">
      <![CDATA[java.lang.AssertionError: expected [200] but found [405]
at com.tastcase.Delet_Employee_Record.checkStatuscode(Delet_Employee_Record.java:53)
at java.util.concurrent.ThreadPoolExecutor.runWorker(Unknown Source)
at java.util.concurrent.ThreadPoolExecutor$Worker.run(Unknown Source)
at java.lang.Thread.run(Unknown Source)
... Removed 16 stack frames]]>
    </failure>
  </testcase> <!-- checkStatuscode -->
  <testcase name="checkStatusline" time="0.0" classname="com.tastcase.Delet_Employee_Record"/>
  <testcase name="checkcookies" time="0.001" classname="com.tastcase.Delet_Employee_Record"/>
  <testcase name="getallheaders" time="0.0" classname="com.tastcase.Delet_Employee_Record"/>
</testsuite> <!-- Test -->
